Starting UserRepositoryTest on DESKTOP-6E5TKNF with PID 10872 (started by 11985 in D:\java\idea-workspace\redis)
No active profile set, falling back to default profiles: default
Multiple Spring Data modules found, entering strict repository configuration mode!
Bootstrapping Spring Data JPA repositories in DEFAULT mode.
Finished Spring Data repository scanning in 168ms. Found 1 JPA repository interfaces.
Multiple Spring Data modules found, entering strict repository configuration mode!
Bootstrapping Spring Data Redis repositories in DEFAULT mode.
Spring Data Redis - Could not safely identify store assignment for repository candidate interface com.river.redis.repository.UserRepository. If you want this repository to be a Redis repository, consider annotating your entities with one of these annotations: org.springframework.data.redis.core.RedisHash (preferred), or consider extending one of the following types with your repository: org.springframework.data.keyvalue.repository.KeyValueRepository.
Finished Spring Data repository scanning in 4ms. Found 0 Redis repository interfaces.
HHH000204: Processing PersistenceUnitInfo [name: default]
HHH000412: Hibernate Core {5.4.10.Final}
HCANN000001: Hibernate Commons Annotations {5.1.0.Final}
HikariPool-1 - Starting...
HikariPool-1 - Start completed.
HHH000400: Using dialect: org.hibernate.dialect.MySQL5Dialect
HHH000490: Using JtaPlatform implementation: [org.hibernate.engine.transaction.jta.platform.internal.NoJtaPlatform]
Initialized JPA EntityManagerFactory for persistence unit 'default'
Started UserRepositoryTest in 3.928 seconds (JVM running for 5.135)
Closing JPA EntityManagerFactory for persistence unit 'default'
HikariPool-1 - Shutdown initiated...
HikariPool-1 - Shutdown completed.
Starting UserRepositoryTest on DESKTOP-6E5TKNF with PID 13220 (started by 11985 in D:\java\idea-workspace\redis)
No active profile set, falling back to default profiles: default
Multiple Spring Data modules found, entering strict repository configuration mode!
Bootstrapping Spring Data JPA repositories in DEFAULT mode.
Finished Spring Data repository scanning in 120ms. Found 1 JPA repository interfaces.
Multiple Spring Data modules found, entering strict repository configuration mode!
Bootstrapping Spring Data Redis repositories in DEFAULT mode.
Spring Data Redis - Could not safely identify store assignment for repository candidate interface com.river.redis.repository.UserRepository. If you want this repository to be a Redis repository, consider annotating your entities with one of these annotations: org.springframework.data.redis.core.RedisHash (preferred), or consider extending one of the following types with your repository: org.springframework.data.keyvalue.repository.KeyValueRepository.
Finished Spring Data repository scanning in 3ms. Found 0 Redis repository interfaces.
HHH000204: Processing PersistenceUnitInfo [name: default]
HHH000412: Hibernate Core {5.4.10.Final}
HCANN000001: Hibernate Commons Annotations {5.1.0.Final}
HikariPool-1 - Starting...
HikariPool-1 - Start completed.
HHH000400: Using dialect: org.hibernate.dialect.MySQL5Dialect
HHH000490: Using JtaPlatform implementation: [org.hibernate.engine.transaction.jta.platform.internal.NoJtaPlatform]
Initialized JPA EntityManagerFactory for persistence unit 'default'
Started UserRepositoryTest in 2.981 seconds (JVM running for 3.705)
id:1, userName:river, password:123456
Closing JPA EntityManagerFactory for persistence unit 'default'
HikariPool-1 - Shutdown initiated...
HikariPool-1 - Shutdown completed.
Starting RedisApplication on DESKTOP-6E5TKNF with PID 16852 (D:\java\idea-workspace\redis\target\classes started by 11985 in D:\java\idea-workspace\redis)
No active profile set, falling back to default profiles: default
Multiple Spring Data modules found, entering strict repository configuration mode!
Bootstrapping Spring Data JPA repositories in DEFAULT mode.
Finished Spring Data repository scanning in 34ms. Found 1 JPA repository interfaces.
Multiple Spring Data modules found, entering strict repository configuration mode!
Bootstrapping Spring Data Redis repositories in DEFAULT mode.
Spring Data Redis - Could not safely identify store assignment for repository candidate interface com.river.redis.repository.UserRepository. If you want this repository to be a Redis repository, consider annotating your entities with one of these annotations: org.springframework.data.redis.core.RedisHash (preferred), or consider extending one of the following types with your repository: org.springframework.data.keyvalue.repository.KeyValueRepository.
Finished Spring Data repository scanning in 5ms. Found 0 Redis repository interfaces.
HHH000204: Processing PersistenceUnitInfo [name: default]
HHH000412: Hibernate Core {5.4.10.Final}
HCANN000001: Hibernate Commons Annotations {5.1.0.Final}
HikariPool-1 - Starting...
HikariPool-1 - Start completed.
HHH000400: Using dialect: org.hibernate.dialect.MySQL5Dialect
HHH000490: Using JtaPlatform implementation: [org.hibernate.engine.transaction.jta.platform.internal.NoJtaPlatform]
Initialized JPA EntityManagerFactory for persistence unit 'default'
Started RedisApplication in 2.06 seconds (JVM running for 2.626)
Closing JPA EntityManagerFactory for persistence unit 'default'
HikariPool-1 - Shutdown initiated...
HikariPool-1 - Shutdown completed.
Starting RedisApplication on DESKTOP-6E5TKNF with PID 5896 (D:\java\idea-workspace\redis\target\classes started by 11985 in D:\java\idea-workspace\redis)
No active profile set, falling back to default profiles: default
Multiple Spring Data modules found, entering strict repository configuration mode!
Bootstrapping Spring Data JPA repositories in DEFAULT mode.
Finished Spring Data repository scanning in 35ms. Found 1 JPA repository interfaces.
Multiple Spring Data modules found, entering strict repository configuration mode!
Bootstrapping Spring Data Redis repositories in DEFAULT mode.
Spring Data Redis - Could not safely identify store assignment for repository candidate interface com.river.redis.repository.UserRepository. If you want this repository to be a Redis repository, consider annotating your entities with one of these annotations: org.springframework.data.redis.core.RedisHash (preferred), or consider extending one of the following types with your repository: org.springframework.data.keyvalue.repository.KeyValueRepository.
Finished Spring Data repository scanning in 5ms. Found 0 Redis repository interfaces.
HHH000204: Processing PersistenceUnitInfo [name: default]
HHH000412: Hibernate Core {5.4.10.Final}
HCANN000001: Hibernate Commons Annotations {5.1.0.Final}
HikariPool-1 - Starting...
HikariPool-1 - Start completed.
HHH000400: Using dialect: org.hibernate.dialect.MySQL5Dialect
HHH000490: Using JtaPlatform implementation: [org.hibernate.engine.transaction.jta.platform.internal.NoJtaPlatform]
Initialized JPA EntityManagerFactory for persistence unit 'default'
Started RedisApplication in 2.18 seconds (JVM running for 2.643)
Closing JPA EntityManagerFactory for persistence unit 'default'
HikariPool-1 - Shutdown initiated...
HikariPool-1 - Shutdown completed.
Starting RedisApplication on DESKTOP-6E5TKNF with PID 16088 (D:\java\idea-workspace\redis\target\classes started by 11985 in D:\java\idea-workspace\redis)
No active profile set, falling back to default profiles: default
Multiple Spring Data modules found, entering strict repository configuration mode!
Bootstrapping Spring Data JPA repositories in DEFAULT mode.
Finished Spring Data repository scanning in 34ms. Found 1 JPA repository interfaces.
Multiple Spring Data modules found, entering strict repository configuration mode!
Bootstrapping Spring Data Redis repositories in DEFAULT mode.
Spring Data Redis - Could not safely identify store assignment for repository candidate interface com.river.redis.repository.UserRepository. If you want this repository to be a Redis repository, consider annotating your entities with one of these annotations: org.springframework.data.redis.core.RedisHash (preferred), or consider extending one of the following types with your repository: org.springframework.data.keyvalue.repository.KeyValueRepository.
Finished Spring Data repository scanning in 5ms. Found 0 Redis repository interfaces.
HHH000204: Processing PersistenceUnitInfo [name: default]
HHH000412: Hibernate Core {5.4.10.Final}
HCANN000001: Hibernate Commons Annotations {5.1.0.Final}
HikariPool-1 - Starting...
HikariPool-1 - Start completed.
HHH000400: Using dialect: org.hibernate.dialect.MySQL5Dialect
HHH000490: Using JtaPlatform implementation: [org.hibernate.engine.transaction.jta.platform.internal.NoJtaPlatform]
Initialized JPA EntityManagerFactory for persistence unit 'default'
Started RedisApplication in 2.067 seconds (JVM running for 2.538)
Closing JPA EntityManagerFactory for persistence unit 'default'
HikariPool-1 - Shutdown initiated...
HikariPool-1 - Shutdown completed.
Starting RedisApplication on DESKTOP-6E5TKNF with PID 8268 (D:\java\idea-workspace\redis\target\classes started by 11985 in D:\java\idea-workspace\redis)
No active profile set, falling back to default profiles: default
Multiple Spring Data modules found, entering strict repository configuration mode!
Bootstrapping Spring Data JPA repositories in DEFAULT mode.
Finished Spring Data repository scanning in 35ms. Found 1 JPA repository interfaces.
Multiple Spring Data modules found, entering strict repository configuration mode!
Bootstrapping Spring Data Redis repositories in DEFAULT mode.
Spring Data Redis - Could not safely identify store assignment for repository candidate interface com.river.redis.repository.UserRepository. If you want this repository to be a Redis repository, consider annotating your entities with one of these annotations: org.springframework.data.redis.core.RedisHash (preferred), or consider extending one of the following types with your repository: org.springframework.data.keyvalue.repository.KeyValueRepository.
Finished Spring Data repository scanning in 5ms. Found 0 Redis repository interfaces.
HHH000204: Processing PersistenceUnitInfo [name: default]
HHH000412: Hibernate Core {5.4.10.Final}
HCANN000001: Hibernate Commons Annotations {5.1.0.Final}
HikariPool-1 - Starting...
HikariPool-1 - Start completed.
HHH000400: Using dialect: org.hibernate.dialect.MySQL5Dialect
HHH000490: Using JtaPlatform implementation: [org.hibernate.engine.transaction.jta.platform.internal.NoJtaPlatform]
Initialized JPA EntityManagerFactory for persistence unit 'default'
Started RedisApplication in 2.127 seconds (JVM running for 2.594)
Closing JPA EntityManagerFactory for persistence unit 'default'
HikariPool-1 - Shutdown initiated...
HikariPool-1 - Shutdown completed.
Starting UserRepositoryTest on DESKTOP-6E5TKNF with PID 5864 (started by 11985 in D:\java\idea-workspace\redis)
No active profile set, falling back to default profiles: default
Multiple Spring Data modules found, entering strict repository configuration mode!
Bootstrapping Spring Data JPA repositories in DEFAULT mode.
Finished Spring Data repository scanning in 118ms. Found 1 JPA repository interfaces.
Multiple Spring Data modules found, entering strict repository configuration mode!
Bootstrapping Spring Data Redis repositories in DEFAULT mode.
Spring Data Redis - Could not safely identify store assignment for repository candidate interface com.river.redis.repository.UserRepository. If you want this repository to be a Redis repository, consider annotating your entities with one of these annotations: org.springframework.data.redis.core.RedisHash (preferred), or consider extending one of the following types with your repository: org.springframework.data.keyvalue.repository.KeyValueRepository.
Finished Spring Data repository scanning in 3ms. Found 0 Redis repository interfaces.
HHH000204: Processing PersistenceUnitInfo [name: default]
HHH000412: Hibernate Core {5.4.10.Final}
HCANN000001: Hibernate Commons Annotations {5.1.0.Final}
HikariPool-1 - Starting...
HikariPool-1 - Start completed.
HHH000400: Using dialect: org.hibernate.dialect.MySQL5Dialect
HHH000490: Using JtaPlatform implementation: [org.hibernate.engine.transaction.jta.platform.internal.NoJtaPlatform]
Initialized JPA EntityManagerFactory for persistence unit 'default'
Started UserRepositoryTest in 2.923 seconds (JVM running for 3.624)
id:1, userName:river, password:123456
Closing JPA EntityManagerFactory for persistence unit 'default'
HikariPool-1 - Shutdown initiated...
HikariPool-1 - Shutdown completed.
Starting UserRepositoryTest on DESKTOP-6E5TKNF with PID 12948 (started by 11985 in D:\java\idea-workspace\redis)
No active profile set, falling back to default profiles: default
Multiple Spring Data modules found, entering strict repository configuration mode!
Bootstrapping Spring Data JPA repositories in DEFAULT mode.
Finished Spring Data repository scanning in 119ms. Found 1 JPA repository interfaces.
Multiple Spring Data modules found, entering strict repository configuration mode!
Bootstrapping Spring Data Redis repositories in DEFAULT mode.
Spring Data Redis - Could not safely identify store assignment for repository candidate interface com.river.redis.repository.UserRepository. If you want this repository to be a Redis repository, consider annotating your entities with one of these annotations: org.springframework.data.redis.core.RedisHash (preferred), or consider extending one of the following types with your repository: org.springframework.data.keyvalue.repository.KeyValueRepository.
Finished Spring Data repository scanning in 3ms. Found 0 Redis repository interfaces.
HHH000204: Processing PersistenceUnitInfo [name: default]
HHH000412: Hibernate Core {5.4.10.Final}
HCANN000001: Hibernate Commons Annotations {5.1.0.Final}
HikariPool-1 - Starting...
HikariPool-1 - Start completed.
HHH000400: Using dialect: org.hibernate.dialect.MySQL5Dialect
HHH000490: Using JtaPlatform implementation: [org.hibernate.engine.transaction.jta.platform.internal.NoJtaPlatform]
Initialized JPA EntityManagerFactory for persistence unit 'default'
Started UserRepositoryTest in 2.837 seconds (JVM running for 3.532)
id:2, userName:river1, password:123456
Closing JPA EntityManagerFactory for persistence unit 'default'
HikariPool-1 - Shutdown initiated...
HikariPool-1 - Shutdown completed.
Starting UserRepositoryTest on DESKTOP-6E5TKNF with PID 1448 (started by 11985 in D:\java\idea-workspace\redis)
No active profile set, falling back to default profiles: default
Multiple Spring Data modules found, entering strict repository configuration mode!
Bootstrapping Spring Data JPA repositories in DEFAULT mode.
Finished Spring Data repository scanning in 117ms. Found 1 JPA repository interfaces.
Multiple Spring Data modules found, entering strict repository configuration mode!
Bootstrapping Spring Data Redis repositories in DEFAULT mode.
Spring Data Redis - Could not safely identify store assignment for repository candidate interface com.river.redis.repository.UserRepository. If you want this repository to be a Redis repository, consider annotating your entities with one of these annotations: org.springframework.data.redis.core.RedisHash (preferred), or consider extending one of the following types with your repository: org.springframework.data.keyvalue.repository.KeyValueRepository.
Finished Spring Data repository scanning in 3ms. Found 0 Redis repository interfaces.
HHH000204: Processing PersistenceUnitInfo [name: default]
HHH000412: Hibernate Core {5.4.10.Final}
HCANN000001: Hibernate Commons Annotations {5.1.0.Final}
HikariPool-1 - Starting...
HikariPool-1 - Start completed.
HHH000400: Using dialect: org.hibernate.dialect.MySQL5Dialect
HHH000490: Using JtaPlatform implementation: [org.hibernate.engine.transaction.jta.platform.internal.NoJtaPlatform]
Initialized JPA EntityManagerFactory for persistence unit 'default'
Started UserRepositoryTest in 2.842 seconds (JVM running for 3.534)
id:3, userName:river2, password:123456
Closing JPA EntityManagerFactory for persistence unit 'default'
HikariPool-1 - Shutdown initiated...
HikariPool-1 - Shutdown completed.
Starting UserRepositoryTest on DESKTOP-6E5TKNF with PID 6820 (started by 11985 in D:\java\idea-workspace\redis)
No active profile set, falling back to default profiles: default
Multiple Spring Data modules found, entering strict repository configuration mode!
Bootstrapping Spring Data JPA repositories in DEFAULT mode.
Finished Spring Data repository scanning in 117ms. Found 1 JPA repository interfaces.
Multiple Spring Data modules found, entering strict repository configuration mode!
Bootstrapping Spring Data Redis repositories in DEFAULT mode.
Spring Data Redis - Could not safely identify store assignment for repository candidate interface com.river.redis.repository.UserRepository. If you want this repository to be a Redis repository, consider annotating your entities with one of these annotations: org.springframework.data.redis.core.RedisHash (preferred), or consider extending one of the following types with your repository: org.springframework.data.keyvalue.repository.KeyValueRepository.
Finished Spring Data repository scanning in 3ms. Found 0 Redis repository interfaces.
HHH000204: Processing PersistenceUnitInfo [name: default]
HHH000412: Hibernate Core {5.4.10.Final}
HCANN000001: Hibernate Commons Annotations {5.1.0.Final}
HikariPool-1 - Starting...
HikariPool-1 - Start completed.
HHH000400: Using dialect: org.hibernate.dialect.MySQL5Dialect
HHH000490: Using JtaPlatform implementation: [org.hibernate.engine.transaction.jta.platform.internal.NoJtaPlatform]
Initialized JPA EntityManagerFactory for persistence unit 'default'
Started UserRepositoryTest in 2.814 seconds (JVM running for 3.517)
id:4, userName:river3, password:123456
Closing JPA EntityManagerFactory for persistence unit 'default'
HikariPool-1 - Shutdown initiated...
HikariPool-1 - Shutdown completed.
Starting UserRepositoryTest on DESKTOP-6E5TKNF with PID 7352 (started by 11985 in D:\java\idea-workspace\redis)
No active profile set, falling back to default profiles: default
Multiple Spring Data modules found, entering strict repository configuration mode!
Bootstrapping Spring Data JPA repositories in DEFAULT mode.
Finished Spring Data repository scanning in 116ms. Found 1 JPA repository interfaces.
Multiple Spring Data modules found, entering strict repository configuration mode!
Bootstrapping Spring Data Redis repositories in DEFAULT mode.
Spring Data Redis - Could not safely identify store assignment for repository candidate interface com.river.redis.repository.UserRepository. If you want this repository to be a Redis repository, consider annotating your entities with one of these annotations: org.springframework.data.redis.core.RedisHash (preferred), or consider extending one of the following types with your repository: org.springframework.data.keyvalue.repository.KeyValueRepository.
Finished Spring Data repository scanning in 3ms. Found 0 Redis repository interfaces.
HHH000204: Processing PersistenceUnitInfo [name: default]
HHH000412: Hibernate Core {5.4.10.Final}
HCANN000001: Hibernate Commons Annotations {5.1.0.Final}
HikariPool-1 - Starting...
HikariPool-1 - Start completed.
HHH000400: Using dialect: org.hibernate.dialect.MySQL5Dialect
HHH000490: Using JtaPlatform implementation: [org.hibernate.engine.transaction.jta.platform.internal.NoJtaPlatform]
Initialized JPA EntityManagerFactory for persistence unit 'default'
Started UserRepositoryTest in 2.797 seconds (JVM running for 3.5)
id:5, userName:river4, password:123456
Closing JPA EntityManagerFactory for persistence unit 'default'
HikariPool-1 - Shutdown initiated...
HikariPool-1 - Shutdown completed.
Starting UserRepositoryTest on DESKTOP-6E5TKNF with PID 13948 (started by 11985 in D:\java\idea-workspace\redis)
No active profile set, falling back to default profiles: default
Multiple Spring Data modules found, entering strict repository configuration mode!
Bootstrapping Spring Data JPA repositories in DEFAULT mode.
Finished Spring Data repository scanning in 118ms. Found 1 JPA repository interfaces.
Multiple Spring Data modules found, entering strict repository configuration mode!
Bootstrapping Spring Data Redis repositories in DEFAULT mode.
Spring Data Redis - Could not safely identify store assignment for repository candidate interface com.river.redis.repository.UserRepository. If you want this repository to be a Redis repository, consider annotating your entities with one of these annotations: org.springframework.data.redis.core.RedisHash (preferred), or consider extending one of the following types with your repository: org.springframework.data.keyvalue.repository.KeyValueRepository.
Finished Spring Data repository scanning in 3ms. Found 0 Redis repository interfaces.
HHH000204: Processing PersistenceUnitInfo [name: default]
HHH000412: Hibernate Core {5.4.10.Final}
HCANN000001: Hibernate Commons Annotations {5.1.0.Final}
HikariPool-1 - Starting...
HikariPool-1 - Start completed.
HHH000400: Using dialect: org.hibernate.dialect.MySQL5Dialect
HHH000490: Using JtaPlatform implementation: [org.hibernate.engine.transaction.jta.platform.internal.NoJtaPlatform]
Initialized JPA EntityManagerFactory for persistence unit 'default'
Started UserRepositoryTest in 2.823 seconds (JVM running for 3.504)
123456
Closing JPA EntityManagerFactory for persistence unit 'default'
HikariPool-1 - Shutdown initiated...
HikariPool-1 - Shutdown completed.
Starting UserRepositoryTest on DESKTOP-6E5TKNF with PID 15864 (started by 11985 in D:\java\idea-workspace\redis)
No active profile set, falling back to default profiles: default
Multiple Spring Data modules found, entering strict repository configuration mode!
Bootstrapping Spring Data JPA repositories in DEFAULT mode.
Finished Spring Data repository scanning in 119ms. Found 1 JPA repository interfaces.
Multiple Spring Data modules found, entering strict repository configuration mode!
Bootstrapping Spring Data Redis repositories in DEFAULT mode.
Spring Data Redis - Could not safely identify store assignment for repository candidate interface com.river.redis.repository.UserRepository. If you want this repository to be a Redis repository, consider annotating your entities with one of these annotations: org.springframework.data.redis.core.RedisHash (preferred), or consider extending one of the following types with your repository: org.springframework.data.keyvalue.repository.KeyValueRepository.
Finished Spring Data repository scanning in 3ms. Found 0 Redis repository interfaces.
HHH000204: Processing PersistenceUnitInfo [name: default]
HHH000412: Hibernate Core {5.4.10.Final}
HCANN000001: Hibernate Commons Annotations {5.1.0.Final}
HikariPool-1 - Starting...
HikariPool-1 - Start completed.
HHH000400: Using dialect: org.hibernate.dialect.MySQL5Dialect
HHH000490: Using JtaPlatform implementation: [org.hibernate.engine.transaction.jta.platform.internal.NoJtaPlatform]
Initialized JPA EntityManagerFactory for persistence unit 'default'
Started UserRepositoryTest in 2.821 seconds (JVM running for 3.527)
123123
Closing JPA EntityManagerFactory for persistence unit 'default'
HikariPool-1 - Shutdown initiated...
HikariPool-1 - Shutdown completed.
Starting UserRepositoryTest on DESKTOP-6E5TKNF with PID 18252 (started by 11985 in D:\java\idea-workspace\redis)
No active profile set, falling back to default profiles: default
Multiple Spring Data modules found, entering strict repository configuration mode!
Bootstrapping Spring Data JPA repositories in DEFAULT mode.
Finished Spring Data repository scanning in 115ms. Found 1 JPA repository interfaces.
Multiple Spring Data modules found, entering strict repository configuration mode!
Bootstrapping Spring Data Redis repositories in DEFAULT mode.
Spring Data Redis - Could not safely identify store assignment for repository candidate interface com.river.redis.repository.UserRepository. If you want this repository to be a Redis repository, consider annotating your entities with one of these annotations: org.springframework.data.redis.core.RedisHash (preferred), or consider extending one of the following types with your repository: org.springframework.data.keyvalue.repository.KeyValueRepository.
Finished Spring Data repository scanning in 3ms. Found 0 Redis repository interfaces.
HHH000204: Processing PersistenceUnitInfo [name: default]
HHH000412: Hibernate Core {5.4.10.Final}
HCANN000001: Hibernate Commons Annotations {5.1.0.Final}
HikariPool-1 - Starting...
HikariPool-1 - Start completed.
HHH000400: Using dialect: org.hibernate.dialect.MySQL5Dialect
HHH000490: Using JtaPlatform implementation: [org.hibernate.engine.transaction.jta.platform.internal.NoJtaPlatform]
Initialized JPA EntityManagerFactory for persistence unit 'default'
Started UserRepositoryTest in 2.787 seconds (JVM running for 3.465)
123456
Closing JPA EntityManagerFactory for persistence unit 'default'
HikariPool-1 - Shutdown initiated...
HikariPool-1 - Shutdown completed.
Starting UserRepositoryTest on DESKTOP-6E5TKNF with PID 18216 (started by 11985 in D:\java\idea-workspace\redis)
No active profile set, falling back to default profiles: default
Multiple Spring Data modules found, entering strict repository configuration mode!
Bootstrapping Spring Data JPA repositories in DEFAULT mode.
Finished Spring Data repository scanning in 116ms. Found 1 JPA repository interfaces.
Multiple Spring Data modules found, entering strict repository configuration mode!
Bootstrapping Spring Data Redis repositories in DEFAULT mode.
Spring Data Redis - Could not safely identify store assignment for repository candidate interface com.river.redis.repository.UserRepository. If you want this repository to be a Redis repository, consider annotating your entities with one of these annotations: org.springframework.data.redis.core.RedisHash (preferred), or consider extending one of the following types with your repository: org.springframework.data.keyvalue.repository.KeyValueRepository.
Finished Spring Data repository scanning in 3ms. Found 0 Redis repository interfaces.
HHH000204: Processing PersistenceUnitInfo [name: default]
HHH000412: Hibernate Core {5.4.10.Final}
HCANN000001: Hibernate Commons Annotations {5.1.0.Final}
HikariPool-1 - Starting...
HikariPool-1 - Start completed.
HHH000400: Using dialect: org.hibernate.dialect.MySQL5Dialect
HHH000490: Using JtaPlatform implementation: [org.hibernate.engine.transaction.jta.platform.internal.NoJtaPlatform]
Initialized JPA EntityManagerFactory for persistence unit 'default'
Started UserRepositoryTest in 2.813 seconds (JVM running for 3.504)
Closing JPA EntityManagerFactory for persistence unit 'default'
HikariPool-1 - Shutdown initiated...
HikariPool-1 - Shutdown completed.
Starting UserRepositoryTest on DESKTOP-6E5TKNF with PID 12876 (started by 11985 in D:\java\idea-workspace\redis)
No active profile set, falling back to default profiles: default
Multiple Spring Data modules found, entering strict repository configuration mode!
Bootstrapping Spring Data JPA repositories in DEFAULT mode.
Finished Spring Data repository scanning in 116ms. Found 1 JPA repository interfaces.
Multiple Spring Data modules found, entering strict repository configuration mode!
Bootstrapping Spring Data Redis repositories in DEFAULT mode.
Spring Data Redis - Could not safely identify store assignment for repository candidate interface com.river.redis.repository.UserRepository. If you want this repository to be a Redis repository, consider annotating your entities with one of these annotations: org.springframework.data.redis.core.RedisHash (preferred), or consider extending one of the following types with your repository: org.springframework.data.keyvalue.repository.KeyValueRepository.
Finished Spring Data repository scanning in 3ms. Found 0 Redis repository interfaces.
HHH000204: Processing PersistenceUnitInfo [name: default]
HHH000412: Hibernate Core {5.4.10.Final}
HCANN000001: Hibernate Commons Annotations {5.1.0.Final}
HikariPool-1 - Starting...
HikariPool-1 - Start completed.
HHH000400: Using dialect: org.hibernate.dialect.MySQL5Dialect
HHH000490: Using JtaPlatform implementation: [org.hibernate.engine.transaction.jta.platform.internal.NoJtaPlatform]
Initialized JPA EntityManagerFactory for persistence unit 'default'
Started UserRepositoryTest in 2.8 seconds (JVM running for 3.491)
123456
Closing JPA EntityManagerFactory for persistence unit 'default'
HikariPool-1 - Shutdown initiated...
HikariPool-1 - Shutdown completed.
Starting UserRepositoryTest on DESKTOP-6E5TKNF with PID 1780 (started by 11985 in D:\java\idea-workspace\redis)
No active profile set, falling back to default profiles: default
Multiple Spring Data modules found, entering strict repository configuration mode!
Bootstrapping Spring Data JPA repositories in DEFAULT mode.
Finished Spring Data repository scanning in 119ms. Found 1 JPA repository interfaces.
Multiple Spring Data modules found, entering strict repository configuration mode!
Bootstrapping Spring Data Redis repositories in DEFAULT mode.
Spring Data Redis - Could not safely identify store assignment for repository candidate interface com.river.redis.repository.UserRepository. If you want this repository to be a Redis repository, consider annotating your entities with one of these annotations: org.springframework.data.redis.core.RedisHash (preferred), or consider extending one of the following types with your repository: org.springframework.data.keyvalue.repository.KeyValueRepository.
Finished Spring Data repository scanning in 3ms. Found 0 Redis repository interfaces.
HHH000204: Processing PersistenceUnitInfo [name: default]
HHH000412: Hibernate Core {5.4.10.Final}
HCANN000001: Hibernate Commons Annotations {5.1.0.Final}
HikariPool-1 - Starting...
HikariPool-1 - Start completed.
HHH000400: Using dialect: org.hibernate.dialect.MySQL5Dialect
HHH000490: Using JtaPlatform implementation: [org.hibernate.engine.transaction.jta.platform.internal.NoJtaPlatform]
Initialized JPA EntityManagerFactory for persistence unit 'default'
Started UserRepositoryTest in 2.854 seconds (JVM running for 3.547)
size:5
size:4
Closing JPA EntityManagerFactory for persistence unit 'default'
HikariPool-1 - Shutdown initiated...
HikariPool-1 - Shutdown completed.
Starting UserRepositoryTest on DESKTOP-6E5TKNF with PID 6952 (started by 11985 in D:\java\idea-workspace\redis)
No active profile set, falling back to default profiles: default
Multiple Spring Data modules found, entering strict repository configuration mode!
Bootstrapping Spring Data JPA repositories in DEFAULT mode.
Finished Spring Data repository scanning in 116ms. Found 1 JPA repository interfaces.
Multiple Spring Data modules found, entering strict repository configuration mode!
Bootstrapping Spring Data Redis repositories in DEFAULT mode.
Spring Data Redis - Could not safely identify store assignment for repository candidate interface com.river.redis.repository.UserRepository. If you want this repository to be a Redis repository, consider annotating your entities with one of these annotations: org.springframework.data.redis.core.RedisHash (preferred), or consider extending one of the following types with your repository: org.springframework.data.keyvalue.repository.KeyValueRepository.
Finished Spring Data repository scanning in 3ms. Found 0 Redis repository interfaces.
HHH000204: Processing PersistenceUnitInfo [name: default]
HHH000412: Hibernate Core {5.4.10.Final}
HCANN000001: Hibernate Commons Annotations {5.1.0.Final}
HikariPool-1 - Starting...
HikariPool-1 - Start completed.
HHH000400: Using dialect: org.hibernate.dialect.MySQL5Dialect
HHH000490: Using JtaPlatform implementation: [org.hibernate.engine.transaction.jta.platform.internal.NoJtaPlatform]
Initialized JPA EntityManagerFactory for persistence unit 'default'
Started UserRepositoryTest in 2.794 seconds (JVM running for 3.487)
size:2
Closing JPA EntityManagerFactory for persistence unit 'default'
HikariPool-1 - Shutdown initiated...
HikariPool-1 - Shutdown completed.
Starting UserRepositoryTest on DESKTOP-6E5TKNF with PID 10524 (started by 11985 in D:\java\idea-workspace\redis)
No active profile set, falling back to default profiles: default
Multiple Spring Data modules found, entering strict repository configuration mode!
Bootstrapping Spring Data JPA repositories in DEFAULT mode.
Finished Spring Data repository scanning in 117ms. Found 1 JPA repository interfaces.
Multiple Spring Data modules found, entering strict repository configuration mode!
Bootstrapping Spring Data Redis repositories in DEFAULT mode.
Spring Data Redis - Could not safely identify store assignment for repository candidate interface com.river.redis.repository.UserRepository. If you want this repository to be a Redis repository, consider annotating your entities with one of these annotations: org.springframework.data.redis.core.RedisHash (preferred), or consider extending one of the following types with your repository: org.springframework.data.keyvalue.repository.KeyValueRepository.
Finished Spring Data repository scanning in 3ms. Found 0 Redis repository interfaces.
HHH000204: Processing PersistenceUnitInfo [name: default]
HHH000412: Hibernate Core {5.4.10.Final}
HCANN000001: Hibernate Commons Annotations {5.1.0.Final}
HikariPool-1 - Starting...
HikariPool-1 - Start completed.
HHH000400: Using dialect: org.hibernate.dialect.MySQL5Dialect
HHH000490: Using JtaPlatform implementation: [org.hibernate.engine.transaction.jta.platform.internal.NoJtaPlatform]
Initialized JPA EntityManagerFactory for persistence unit 'default'
Started UserRepositoryTest in 2.827 seconds (JVM running for 3.524)
Closing JPA EntityManagerFactory for persistence unit 'default'
HikariPool-1 - Shutdown initiated...
HikariPool-1 - Shutdown completed.
Starting UserRepositoryTest on DESKTOP-6E5TKNF with PID 10944 (started by 11985 in D:\java\idea-workspace\redis)
No active profile set, falling back to default profiles: default
Multiple Spring Data modules found, entering strict repository configuration mode!
Bootstrapping Spring Data JPA repositories in DEFAULT mode.
Finished Spring Data repository scanning in 118ms. Found 1 JPA repository interfaces.
Multiple Spring Data modules found, entering strict repository configuration mode!
Bootstrapping Spring Data Redis repositories in DEFAULT mode.
Spring Data Redis - Could not safely identify store assignment for repository candidate interface com.river.redis.repository.UserRepository. If you want this repository to be a Redis repository, consider annotating your entities with one of these annotations: org.springframework.data.redis.core.RedisHash (preferred), or consider extending one of the following types with your repository: org.springframework.data.keyvalue.repository.KeyValueRepository.
Finished Spring Data repository scanning in 3ms. Found 0 Redis repository interfaces.
HHH000204: Processing PersistenceUnitInfo [name: default]
HHH000412: Hibernate Core {5.4.10.Final}
HCANN000001: Hibernate Commons Annotations {5.1.0.Final}
HikariPool-1 - Starting...
HikariPool-1 - Start completed.
HHH000400: Using dialect: org.hibernate.dialect.MySQL5Dialect
HHH000490: Using JtaPlatform implementation: [org.hibernate.engine.transaction.jta.platform.internal.NoJtaPlatform]
Initialized JPA EntityManagerFactory for persistence unit 'default'
Started UserRepositoryTest in 2.812 seconds (JVM running for 3.512)
Closing JPA EntityManagerFactory for persistence unit 'default'
HikariPool-1 - Shutdown initiated...
HikariPool-1 - Shutdown completed.
Starting UserRepositoryTest on DESKTOP-6E5TKNF with PID 12308 (started by 11985 in D:\java\idea-workspace\redis)
No active profile set, falling back to default profiles: default
Multiple Spring Data modules found, entering strict repository configuration mode!
Bootstrapping Spring Data JPA repositories in DEFAULT mode.
Finished Spring Data repository scanning in 118ms. Found 1 JPA repository interfaces.
Multiple Spring Data modules found, entering strict repository configuration mode!
Bootstrapping Spring Data Redis repositories in DEFAULT mode.
Spring Data Redis - Could not safely identify store assignment for repository candidate interface com.river.redis.repository.UserRepository. If you want this repository to be a Redis repository, consider annotating your entities with one of these annotations: org.springframework.data.redis.core.RedisHash (preferred), or consider extending one of the following types with your repository: org.springframework.data.keyvalue.repository.KeyValueRepository.
Finished Spring Data repository scanning in 3ms. Found 0 Redis repository interfaces.
HHH000204: Processing PersistenceUnitInfo [name: default]
HHH000412: Hibernate Core {5.4.10.Final}
HCANN000001: Hibernate Commons Annotations {5.1.0.Final}
HikariPool-1 - Starting...
HikariPool-1 - Start completed.
HHH000400: Using dialect: org.hibernate.dialect.MySQL5Dialect
HHH000490: Using JtaPlatform implementation: [org.hibernate.engine.transaction.jta.platform.internal.NoJtaPlatform]
Initialized JPA EntityManagerFactory for persistence unit 'default'
Started UserRepositoryTest in 2.819 seconds (JVM running for 3.523)
river
river1
river2
river3
river4
Closing JPA EntityManagerFactory for persistence unit 'default'
HikariPool-1 - Shutdown initiated...
HikariPool-1 - Shutdown completed.
